<?xml version="1.0" encoding="UTF-8"?><testsuite errors="1" failures="0" name="Information get individual user" skipped="0" tests="1" time="1.12" timestamp="2023-11-01 11:57:10"><testcase name="Send information get individual user with response success"><error type="java.lang.ExceptionInInitializerError"/><system-err>null&#13;
net.serenitybdd.rest.utils.RestDecorationHelper.decorate(RestDecorationHelper.java:20)&#13;
net.serenitybdd.rest.SerenityRest.fetchRequestSpecification(SerenityRest.java:233)&#13;
net.serenitybdd.rest.SerenityRest.given(SerenityRest.java:220)&#13;
co.com.practice.interactions.ExecuteGet.performAs(ExecuteGet.java:26)&#13;
co.com.practice.tasks.ConsumeGet.performAs(ConsumeGet.java:19)&#13;
co.com.practice.stepdefinitions.GetStepdefinitions.iCallGetUserAPI(GetStepdefinitions.java:33)&#13;
io.cucumber.java.Invoker.doInvoke(Invoker.java:66)&#13;
io.cucumber.java.Invoker.invoke(Invoker.java:24)&#13;
io.cucumber.java.AbstractGlueDefinition.invokeMethod(AbstractGlueDefinition.java:47)&#13;
io.cucumber.java.JavaStepDefinition.execute(JavaStepDefinition.java:29)&#13;
io.cucumber.core.runner.CoreStepDefinition.execute(CoreStepDefinition.java:66)&#13;
io.cucumber.core.runner.PickleStepDefinitionMatch.runStep(PickleStepDefinitionMatch.java:63)&#13;
io.cucumber.core.runner.TestStep.executeStep(TestStep.java:92)&#13;
io.cucumber.core.runner.TestStep.run(TestStep.java:64)&#13;
io.cucumber.core.runner.PickleStepTestStep.run(PickleStepTestStep.java:51)&#13;
io.cucumber.core.runner.TestCase.run(TestCase.java:104)&#13;
io.cucumber.core.runner.Runner.runPickle(Runner.java:71)&#13;
io.cucumber.junit.FeatureRunner.runChild(FeatureRunner.java:135)&#13;
io.cucumber.junit.FeatureRunner.runChild(FeatureRunner.java:27)&#13;
io.cucumber.junit.CucumberSerenityRunner.runChild(CucumberSerenityRunner.java:234)&#13;
io.cucumber.junit.CucumberSerenityRunner.runChild(CucumberSerenityRunner.java:57)&#13;
worker.org.gradle.process.internal.worker.GradleWorkerMain.run(GradleWorkerMain.java:69)&#13;
worker.org.gradle.process.internal.worker.GradleWorkerMain.main(GradleWorkerMain.java:74)&#13;
</system-err></testcase></testsuite>